<?xml version="1.0" encoding="UTF-8"?>
<!-- Generated by org.testng.reporters.JUnitReportReporter -->
<testsuite skipped="0" hostname="ubuntu-ThinkPad-T450s" name="JerseyClientLiveTest" tests="3" failures="0" timestamp="13 May 2019 20:14:44 GMT" time="2.064" errors="0">
  <testcase name="receiveCorrectResponseTest" time="0.087" classname="JerseyClientLiveTest"/>
  <testcase name="testMultiplePosts" time="0.210" classname="JerseyClientLiveTest"/>
  <testcase name="givenCorrectObject_whenCorrectJsonRequest_thenResponseCodeCreated" time="1.767" classname="JerseyClientLiveTest"/>
</testsuite> <!-- JerseyClientLiveTest -->
