<?xml version="1.0" encoding="UTF-8"?>
<!-- Generated by org.testng.reporters.JUnitReportReporter -->
<testsuite skipped="0" hostname="ubuntu-ThinkPad-T450s" name="JerseyClientLiveTest" tests="2" failures="0" timestamp="10 May 2019 17:35:16 GMT" time="1.196" errors="0">
  <testcase name="givenCorrectObject_whenCorrectJsonRequest_thenResponseCodeCreated" time="1.132" classname="JerseyClientLiveTest"/>
  <testcase name="receiveCorrectResponseTest" time="0.064" classname="JerseyClientLiveTest"/>
</testsuite> <!-- JerseyClientLiveTest -->
