<?xml version="1.0" encoding="UTF-8"?>
<!-- Generated by org.testng.reporters.JUnitReportReporter -->
<testsuite skipped="0" hostname="ubuntu-ThinkPad-T450s" name="JerseyClientLiveTest" tests="3" failures="0" timestamp="13 May 2019 23:15:44 GMT" time="2.043" errors="0">
  <testcase name="receiveCorrectResponseTest" time="0.088" classname="JerseyClientLiveTest"/>
  <testcase name="testMultiplePosts" time="0.072" classname="JerseyClientLiveTest"/>
  <testcase name="givenCorrectObject_whenCorrectJsonRequest_thenResponseCodeCreated" time="1.883" classname="JerseyClientLiveTest"/>
</testsuite> <!-- JerseyClientLiveTest -->
